TN:
SF:src\components\ProductCard.jsx
FN:3,ProductCard
FNF:1
FNH:1
FNDA:15597,ProductCard
DA:4,15597
DA:5,0
DA:8,15597
LF:3
LH:2
BRDA:4,0,0,0
BRDA:4,0,1,15597
BRF:2
BRH:1
end_of_record
TN:
SF:src\components\ProductList.jsx
FN:4,ProductList
FN:12,(anonymous_1)
FN:20,(anonymous_2)
FN:22,(anonymous_3)
FN:28,(anonymous_4)
FN:29,(anonymous_5)
FN:40,(anonymous_6)
FN:48,(anonymous_7)
FN:58,(anonymous_8)
FN:62,(anonymous_9)
FN:65,(anonymous_10)
FNF:11
FNH:11
FNDA:324,ProductList
FNDA:105,(anonymous_1)
FNDA:1,(anonymous_2)
FNDA:2,(anonymous_3)
FNDA:3,(anonymous_4)
FNDA:5,(anonymous_5)
FNDA:103,(anonymous_6)
FNDA:103,(anonymous_7)
FNDA:15597,(anonymous_8)
FNDA:1,(anonymous_9)
FNDA:3,(anonymous_10)
DA:5,324
DA:10,324
DA:12,324
DA:13,105
DA:15,103
DA:16,103
DA:17,103
DA:20,324
DA:21,1
DA:23,2
DA:28,324
DA:29,5
DA:32,324
DA:41,103
DA:49,103
DA:59,15597
DA:62,1
DA:65,3
LF:18
LH:18
BRDA:13,0,0,2
BRDA:13,0,1,103
BRDA:13,1,0,105
BRDA:13,1,1,103
BRDA:15,2,0,103
BRDA:15,2,1,0
BRDA:23,3,0,1
BRDA:23,3,1,1
BRDA:54,4,0,1
BRDA:54,4,1,323
BRF:10
BRH:9
end_of_record
